<?xml version="1.0" encoding="UTF-8"?>
<testng-results ignored="0" total="1" passed="1" failed="0" skipped="0">
  <reporter-output>
  </reporter-output>
  <suite started-at="2024-09-14T10:03:13 IST" name="Default suite" finished-at="2024-09-14T10:03:15 IST" duration-ms="2368">
    <groups>
    </groups>
    <test started-at="2024-09-14T10:03:13 IST" name="Default test" finished-at="2024-09-14T10:03:15 IST" duration-ms="2368">
      <class name="com.APIAutomation.Tests.APIautomation">
        <test-method signature="getMethod()[pri:0, instance:com.APIAutomation.Tests.APIautomation@7f0eb4b4]" started-at="2024-09-14T10:03:13 IST" name="getMethod" finished-at="2024-09-14T10:03:15 IST" duration-ms="2326" status="PASS">
          <reporter-output>
          </reporter-output>
        </test-method> <!-- getMethod -->
      </class> <!-- com.APIAutomation.Tests.APIautomation -->
    </test> <!-- Default test -->
  </suite> <!-- Default suite -->
</testng-results>
